<?xml version="1.0" encoding="UTF-8"?>
<testng-results ignored="0" total="1" passed="1" failed="0" skipped="0">
  <reporter-output>
  </reporter-output>
  <suite started-at="2026-06-18T14:31:35 IST" name="Default suite" finished-at="2026-06-18T14:31:42 IST" duration-ms="7765">
    <groups>
    </groups>
    <test started-at="2026-06-18T14:31:35 IST" name="Default test" finished-at="2026-06-18T14:31:42 IST" duration-ms="7765">
      <class name="RahulShettyAcademyCompany.ExtentReports.ExtentReportsDemo">
        <test-method is-config="true" signature="config()[pri:0, instance:RahulShettyAcademyCompany.ExtentReports.ExtentReportsDemo@7714e963]" started-at="2026-06-18T14:31:35 IST" name="config" finished-at="2026-06-18T14:31:35 IST" duration-ms="110" status="PASS">
          <reporter-output>
          </reporter-output>
        </test-method> <!-- config -->
        <test-method signature="initializeDemo()[pri:0, instance:RahulShettyAcademyCompany.ExtentReports.ExtentReportsDemo@7714e963]" started-at="2026-06-18T14:31:35 IST" name="initializeDemo" finished-at="2026-06-18T14:31:42 IST" duration-ms="7635" status="PASS">
          <reporter-output>
          </reporter-output>
        </test-method> <!-- initializeDemo -->
      </class> <!-- RahulShettyAcademyCompany.ExtentReports.ExtentReportsDemo -->
    </test> <!-- Default test -->
  </suite> <!-- Default suite -->
</testng-results>
