<?xml version="1.0" encoding="UTF-8"?>
<!-- Generated by org.testng.reporters.JUnitReportReporter -->
<testsuite hostname="DESKTOP-IF7542D" failures="0" tests="1" name="RahulShettyAcademyCompany.ExtentReports.ExtentReportsDemo" time="7.635" errors="0" timestamp="2026-06-18T14:31:42 IST" skipped="0">
  <testcase classname="RahulShettyAcademyCompany.ExtentReports.ExtentReportsDemo" name="initializeDemo" time="7.635"/>
</testsuite> <!-- RahulShettyAcademyCompany.ExtentReports.ExtentReportsDemo -->
